[2019-10-14 11:24:13,121][main][INFO][org.springframework.boot.test.context.SpringBootTestContextBootstrapper:308] Neither @ContextConfiguration nor @ContextHierarchy found for test class [com.thingjs.soho.SoHoApplicationTests], using SpringBootContextLoader
[2019-10-14 11:24:13,135][main][INFO][org.springframework.test.context.support.AbstractContextLoader:264] Could not detect default resource locations for test class [com.thingjs.soho.SoHoApplicationTests]: no resource found for suffixes {-context.xml, Context.groovy}.
[2019-10-14 11:24:13,136][main][INFO][org.springframework.test.context.support.AnnotationConfigContextLoaderUtils:83] Could not detect default configuration classes for test class [com.thingjs.soho.SoHoApplicationTests]: SoHoApplicationTests does not declare any static, non-private, non-final, nested classes annotated with @Configuration.
[2019-10-14 11:24:13,235][main][INFO][org.springframework.boot.test.context.SpringBootTestContextBootstrapper:235] Found @SpringBootConfiguration com.thingjs.soho.SoHoApplication for test class com.thingjs.soho.SoHoApplicationTests
[2019-10-14 11:24:13,348][main][INFO][org.springframework.boot.test.context.SpringBootTestContextBootstrapper:248] Loaded default TestExecutionListener class names from location [META-INF/spring.factories]: [org.springframework.boot.test.mock.mockito.MockitoTestExecutionListener, org.springframework.boot.test.mock.mockito.ResetMocksTestExecutionListener, org.springframework.boot.test.autoconfigure.restdocs.RestDocsTestExecutionListener, org.springframework.boot.test.autoconfigure.web.client.MockRestServiceServerResetTestExecutionListener, org.springframework.boot.test.autoconfigure.web.servlet.MockMvcPrintOnlyOnFailureTestExecutionListener, org.springframework.boot.test.autoconfigure.web.servlet.WebDriverTestExecutionListener, org.springframework.test.context.web.ServletTestExecutionListener, org.springframework.test.context.support.DirtiesContextBeforeModesTestExecutionListener, org.springframework.test.context.support.DependencyInjectionTestExecutionListener, org.springframework.test.context.support.DirtiesContextTestExecutionListener, org.springframework.test.context.transaction.TransactionalTestExecutionListener, org.springframework.test.context.jdbc.SqlScriptsTestExecutionListener]
[2019-10-14 11:24:13,377][main][INFO][org.springframework.boot.test.context.SpringBootTestContextBootstrapper:177] Using TestExecutionListeners: [org.springframework.test.context.web.ServletTestExecutionListener@17758be, org.springframework.test.context.support.DirtiesContextBeforeModesTestExecutionListener@1dd8394, org.springframework.boot.test.mock.mockito.MockitoTestExecutionListener@19edf14, org.springframework.boot.test.autoconfigure.SpringBootDependencyInjectionTestExecutionListener@746f22, org.springframework.test.context.support.DirtiesContextTestExecutionListener@101783a, org.springframework.test.context.transaction.TransactionalTestExecutionListener@878f6d, org.springframework.test.context.jdbc.SqlScriptsTestExecutionListener@1488b16, org.springframework.boot.test.mock.mockito.ResetMocksTestExecutionListener@8ef162, org.springframework.boot.test.autoconfigure.restdocs.RestDocsTestExecutionListener@ea88a1, org.springframework.boot.test.autoconfigure.web.client.MockRestServiceServerResetTestExecutionListener@c296f6, org.springframework.boot.test.autoconfigure.web.servlet.MockMvcPrintOnlyOnFailureTestExecutionListener@1d7a283, org.springframework.boot.test.autoconfigure.web.servlet.WebDriverTestExecutionListener@2f59fa]
[2019-10-14 11:24:13,635][main][INFO][com.thingjs.soho.SoHoApplicationTests:50] Starting SoHoApplicationTests on DESKTOP-LRSMUS4 with PID 5652 (started by uinnova in E:\myProjects\springboot-learn\log\log4j2)
[2019-10-14 11:24:13,636][main][INFO][com.thingjs.soho.SoHoApplicationTests:646] No active profile set, falling back to default profiles: default
[2019-10-14 11:24:14,701][main][INFO][org.springframework.data.repository.config.RepositoryConfigurationDelegate:126] Bootstrapping Spring Data repositories in DEFAULT mode.
[2019-10-14 11:24:14,723][main][INFO][org.springframework.data.repository.config.RepositoryConfigurationDelegate:182] Finished Spring Data repository scanning in 15ms. Found 0 repository interfaces.
[2019-10-14 11:24:15,250][main][INFO][org.springframework.context.support.PostProcessorRegistrationDelegate$BeanPostProcessorChecker:330] Bean 'org.springframework.transaction.annotation.ProxyTransactionManagementConfiguration' of type [org.springframework.transaction.annotation.ProxyTransactionManagementConfiguration$$EnhancerBySpringCGLIB$$30ef2160] is not eligible for getting processed by all BeanPostProcessors (for example: not eligible for auto-proxying)
[2019-10-14 11:24:15,497][main][INFO][org.springframework.context.support.PostProcessorRegistrationDelegate$BeanPostProcessorChecker:330] Bean 'org.springframework.hateoas.config.HateoasConfiguration' of type [org.springframework.hateoas.config.HateoasConfiguration$$EnhancerBySpringCGLIB$$b06f6e92] is not eligible for getting processed by all BeanPostProcessors (for example: not eligible for auto-proxying)
[2019-10-14 11:24:15,521][main][INFO][com.alibaba.druid.spring.boot.autoconfigure.DruidDataSourceAutoConfigure:56] Init DruidDataSource
[2019-10-14 11:24:15,853][main][INFO][com.alibaba.druid.pool.DruidDataSource:928] {dataSource-1} inited
[2019-10-14 11:24:16,427][main][INFO][org.hibernate.jpa.internal.util.LogHelper:31] HHH000204: Processing PersistenceUnitInfo [
	name: default
	...]
[2019-10-14 11:24:16,562][main][INFO][org.hibernate.Version:46] HHH000412: Hibernate Core {5.3.10.Final}
[2019-10-14 11:24:16,564][main][INFO][org.hibernate.cfg.Environment:213] HHH000206: hibernate.properties not found
[2019-10-14 11:24:16,871][main][INFO][org.hibernate.annotations.common.Version:49] HCANN000001: Hibernate Commons Annotations {5.0.4.Final}
[2019-10-14 11:24:17,639][main][INFO][org.hibernate.dialect.Dialect:157] HHH000400: Using dialect: org.hibernate.dialect.MySQL5Dialect
[2019-10-14 11:24:17,964][main][INFO][org.springframework.orm.jpa.LocalContainerEntityManagerFactoryBean:415] Initialized JPA EntityManagerFactory for persistence unit 'default'
[2019-10-14 11:24:19,778][main][INFO][org.springframework.scheduling.concurrent.ThreadPoolTaskExecutor:171] Initializing ExecutorService 'applicationTaskExecutor'
[2019-10-14 11:24:20,772][main][INFO][springfox.documentation.spring.web.plugins.DocumentationPluginsBootstrapper:80] Context refreshed
[2019-10-14 11:24:20,832][main][INFO][springfox.documentation.spring.web.plugins.DocumentationPluginsBootstrapper:83] Found {0} custom documentation plugin(s)
[2019-10-14 11:24:20,841][main][INFO][springfox.documentation.spring.web.scanners.ApiListingReferenceScanner:53] Scanning for api listing references
[2019-10-14 11:24:20,876][main][INFO][springfox.documentation.swagger.web.ClassOrApiAnnotationResourceGrouping:100] Group for method bindDeviceToModel was device-controller
[2019-10-14 11:24:20,879][main][INFO][springfox.documentation.spring.web.scanners.ApiListingReferenceScanner:72] Request mapping: bindDeviceToModel belongs to groups: [[ResourceGroup{groupName='device-controller', position=0, controller=com.thingjs.soho.device.controller.DeviceController}]] 
[2019-10-14 11:24:20,881][main][INFO][springfox.documentation.swagger.web.ClassOrApiAnnotationResourceGrouping:100] Group for method findDeviceByType was device-controller
[2019-10-14 11:24:20,881][main][INFO][springfox.documentation.spring.web.scanners.ApiListingReferenceScanner:72] Request mapping: findDeviceByType belongs to groups: [[ResourceGroup{groupName='device-controller', position=0, controller=com.thingjs.soho.device.controller.DeviceController}]] 
[2019-10-14 11:24:20,882][main][INFO][springfox.documentation.swagger.web.ClassOrApiAnnotationResourceGrouping:100] Group for method findDeviceDetailByModelId was device-controller
[2019-10-14 11:24:20,882][main][INFO][springfox.documentation.spring.web.scanners.ApiListingReferenceScanner:72] Request mapping: findDeviceDetailByModelId belongs to groups: [[ResourceGroup{groupName='device-controller', position=0, controller=com.thingjs.soho.device.controller.DeviceController}]] 
[2019-10-14 11:24:20,885][main][INFO][springfox.documentation.spring.web.scanners.ApiListingReferenceScanner:84] Created resource listing Path: /default/device-controller Description: device-controller Position: 0
[2019-10-14 11:24:20,906][main][INFO][springfox.documentation.schema.ModelContextKeyGenerator:46] Cache Key Generated: com.thingjs.soho.common.Result(true)
[2019-10-14 11:24:20,907][main][INFO][springfox.documentation.spring.web.caching.CachingAspect:79] Caching aspect applied for cache models with key com.thingjs.soho.common.Result(true)
[2019-10-14 11:24:20,914][main][INFO][springfox.documentation.schema.property.ModelPropertiesKeyGenerator:48] Cache key generated: com.thingjs.soho.common.Result(true)
[2019-10-14 11:24:20,914][main][INFO][springfox.documentation.spring.web.caching.CachingAspect:68] Caching aspect applied for cache modelProperties with key com.thingjs.soho.common.Result(true)
[2019-10-14 11:24:20,945][main][INFO][springfox.documentation.schema.ModelContextKeyGenerator:46] Cache Key Generated: com.thingjs.soho.common.Result(true)
[2019-10-14 11:24:20,946][main][INFO][springfox.documentation.spring.web.caching.CachingAspect:79] Caching aspect applied for cache modelDependencies with key com.thingjs.soho.common.Result(true)
[2019-10-14 11:24:20,950][main][INFO][springfox.documentation.schema.property.ModelPropertiesKeyGenerator:48] Cache key generated: com.thingjs.soho.common.Result(true)
[2019-10-14 11:24:20,951][main][INFO][springfox.documentation.spring.web.caching.CachingAspect:68] Caching aspect applied for cache modelProperties with key com.thingjs.soho.common.Result(true)
[2019-10-14 11:24:20,954][main][INFO][springfox.documentation.spring.web.OperationsKeyGenerator:51] Cache key generated: /api/bindDeviceToModel.com.thingjs.soho.device.controller.DeviceController.bindDeviceToModel.DefaultGenericTypeNamingStrategy
[2019-10-14 11:24:20,954][main][INFO][springfox.documentation.spring.web.caching.CachingAspect:68] Caching aspect applied for cache operations with key /api/bindDeviceToModel.com.thingjs.soho.device.controller.DeviceController.bindDeviceToModel.DefaultGenericTypeNamingStrategy
[2019-10-14 11:24:20,975][main][INFO][springfox.documentation.swagger.web.ClassOrApiAnnotationResourceGrouping:100] Group for method bindDeviceToModel was device-controller
[2019-10-14 11:24:20,978][main][INFO][springfox.documentation.swagger.web.ClassOrApiAnnotationResourceGrouping:100] Group for method bindDeviceToModel was device-controller
[2019-10-14 11:24:20,986][main][INFO][springfox.documentation.schema.ModelContextKeyGenerator:46] Cache Key Generated: com.thingjs.soho.common.Result(true)
[2019-10-14 11:24:20,986][main][INFO][springfox.documentation.spring.web.caching.CachingAspect:79] Caching aspect applied for cache models with key com.thingjs.soho.common.Result(true)
[2019-10-14 11:24:20,986][main][INFO][springfox.documentation.schema.ModelContextKeyGenerator:46] Cache Key Generated: com.thingjs.soho.common.Result(true)
[2019-10-14 11:24:20,987][main][INFO][springfox.documentation.spring.web.caching.CachingAspect:79] Caching aspect applied for cache modelDependencies with key com.thingjs.soho.common.Result(true)
[2019-10-14 11:24:20,987][main][INFO][springfox.documentation.spring.web.OperationsKeyGenerator:51] Cache key generated: /api/findDeviceByType.com.thingjs.soho.device.controller.DeviceController.findDeviceByType.DefaultGenericTypeNamingStrategy
[2019-10-14 11:24:20,987][main][INFO][springfox.documentation.spring.web.caching.CachingAspect:68] Caching aspect applied for cache operations with key /api/findDeviceByType.com.thingjs.soho.device.controller.DeviceController.findDeviceByType.DefaultGenericTypeNamingStrategy
[2019-10-14 11:24:20,989][main][INFO][springfox.documentation.swagger.web.ClassOrApiAnnotationResourceGrouping:100] Group for method findDeviceByType was device-controller
[2019-10-14 11:24:20,990][main][INFO][springfox.documentation.swagger.web.ClassOrApiAnnotationResourceGrouping:100] Group for method findDeviceByType was device-controller
[2019-10-14 11:24:20,992][main][INFO][springfox.documentation.schema.ModelContextKeyGenerator:46] Cache Key Generated: com.thingjs.soho.common.Result(true)
[2019-10-14 11:24:20,992][main][INFO][springfox.documentation.spring.web.caching.CachingAspect:79] Caching aspect applied for cache models with key com.thingjs.soho.common.Result(true)
[2019-10-14 11:24:20,993][main][INFO][springfox.documentation.schema.ModelContextKeyGenerator:46] Cache Key Generated: com.thingjs.soho.common.Result(true)
[2019-10-14 11:24:20,993][main][INFO][springfox.documentation.spring.web.caching.CachingAspect:79] Caching aspect applied for cache modelDependencies with key com.thingjs.soho.common.Result(true)
[2019-10-14 11:24:20,994][main][INFO][springfox.documentation.spring.web.OperationsKeyGenerator:51] Cache key generated: /api/findDeviceDetailById.com.thingjs.soho.device.controller.DeviceController.findDeviceDetailByModelId.DefaultGenericTypeNamingStrategy
[2019-10-14 11:24:20,994][main][INFO][springfox.documentation.spring.web.caching.CachingAspect:68] Caching aspect applied for cache operations with key /api/findDeviceDetailById.com.thingjs.soho.device.controller.DeviceController.findDeviceDetailByModelId.DefaultGenericTypeNamingStrategy
[2019-10-14 11:24:20,996][main][INFO][springfox.documentation.swagger.web.ClassOrApiAnnotationResourceGrouping:100] Group for method findDeviceDetailByModelId was device-controller
[2019-10-14 11:24:20,997][main][INFO][springfox.documentation.swagger.web.ClassOrApiAnnotationResourceGrouping:100] Group for method findDeviceDetailByModelId was device-controller
[2019-10-14 11:24:21,051][main][INFO][com.thingjs.soho.SoHoApplicationTests:59] Started SoHoApplicationTests in 7.636 seconds (JVM running for 9.15)
[2019-10-14 11:24:21,353][Thread-2][INFO][org.springframework.scheduling.concurrent.ThreadPoolTaskExecutor:208] Shutting down ExecutorService 'applicationTaskExecutor'
[2019-10-14 11:24:21,354][Thread-2][INFO][org.springframework.orm.jpa.LocalContainerEntityManagerFactoryBean:597] Closing JPA EntityManagerFactory for persistence unit 'default'
[2019-10-14 11:24:21,359][Thread-2][INFO][com.alibaba.druid.pool.DruidDataSource:1823] {dataSource-1} closed
[2019-10-14 11:24:53,140][main][INFO][com.thingjs.soho.SoHoApplication:50] Starting SoHoApplication on DESKTOP-LRSMUS4 with PID 3296 (E:\myProjects\springboot-learn\log\log4j2\target\classes started by uinnova in E:\myProjects\springboot-learn\log\log4j2)
[2019-10-14 11:24:53,150][main][INFO][com.thingjs.soho.SoHoApplication:646] No active profile set, falling back to default profiles: default
[2019-10-14 11:24:54,167][main][INFO][org.springframework.data.repository.config.RepositoryConfigurationDelegate:126] Bootstrapping Spring Data repositories in DEFAULT mode.
[2019-10-14 11:24:54,189][main][INFO][org.springframework.data.repository.config.RepositoryConfigurationDelegate:182] Finished Spring Data repository scanning in 14ms. Found 0 repository interfaces.
[2019-10-14 11:24:54,594][main][INFO][org.springframework.context.support.PostProcessorRegistrationDelegate$BeanPostProcessorChecker:330] Bean 'org.springframework.transaction.annotation.ProxyTransactionManagementConfiguration' of type [org.springframework.transaction.annotation.ProxyTransactionManagementConfiguration$$EnhancerBySpringCGLIB$$f6489f37] is not eligible for getting processed by all BeanPostProcessors (for example: not eligible for auto-proxying)
[2019-10-14 11:24:54,747][main][INFO][org.springframework.context.support.PostProcessorRegistrationDelegate$BeanPostProcessorChecker:330] Bean 'org.springframework.hateoas.config.HateoasConfiguration' of type [org.springframework.hateoas.config.HateoasConfiguration$$EnhancerBySpringCGLIB$$75c8ec69] is not eligible for getting processed by all BeanPostProcessors (for example: not eligible for auto-proxying)
[2019-10-14 11:24:55,163][main][INFO][org.springframework.boot.web.embedded.tomcat.TomcatWebServer:90] Tomcat initialized with port(s): 8080 (http)
[2019-10-14 11:24:55,178][main][INFO][org.apache.coyote.http11.Http11NioProtocol:173] Initializing ProtocolHandler ["http-nio-8080"]
[2019-10-14 11:24:55,188][main][INFO][org.apache.catalina.core.StandardService:173] Starting service [Tomcat]
[2019-10-14 11:24:55,189][main][INFO][org.apache.catalina.core.StandardEngine:173] Starting Servlet engine: [Apache Tomcat/9.0.21]
[2019-10-14 11:24:55,420][main][INFO][org.apache.catalina.core.ContainerBase.[Tomcat].[localhost].[/]:173] Initializing Spring embedded WebApplicationContext
[2019-10-14 11:24:55,421][main][INFO][org.springframework.web.context.ContextLoader:283] Root WebApplicationContext: initialization completed in 2230 ms
[2019-10-14 11:24:55,552][main][INFO][com.alibaba.druid.spring.boot.autoconfigure.DruidDataSourceAutoConfigure:56] Init DruidDataSource
[2019-10-14 11:24:55,821][main][INFO][com.alibaba.druid.pool.DruidDataSource:928] {dataSource-1} inited
[2019-10-14 11:24:56,161][main][INFO][org.hibernate.jpa.internal.util.LogHelper:31] HHH000204: Processing PersistenceUnitInfo [
	name: default
	...]
[2019-10-14 11:24:56,244][main][INFO][org.hibernate.Version:46] HHH000412: Hibernate Core {5.3.10.Final}
[2019-10-14 11:24:56,245][main][INFO][org.hibernate.cfg.Environment:213] HHH000206: hibernate.properties not found
[2019-10-14 11:24:56,420][main][INFO][org.hibernate.annotations.common.Version:49] HCANN000001: Hibernate Commons Annotations {5.0.4.Final}
[2019-10-14 11:24:56,593][main][INFO][org.hibernate.dialect.Dialect:157] HHH000400: Using dialect: org.hibernate.dialect.MySQL5Dialect
[2019-10-14 11:24:56,801][main][INFO][org.springframework.orm.jpa.LocalContainerEntityManagerFactoryBean:415] Initialized JPA EntityManagerFactory for persistence unit 'default'
[2019-10-14 11:24:57,876][main][INFO][org.springframework.scheduling.concurrent.ThreadPoolTaskExecutor:171] Initializing ExecutorService 'applicationTaskExecutor'
[2019-10-14 11:24:58,667][main][INFO][springfox.documentation.spring.web.plugins.DocumentationPluginsBootstrapper:80] Context refreshed
[2019-10-14 11:24:58,685][main][INFO][springfox.documentation.spring.web.plugins.DocumentationPluginsBootstrapper:83] Found {0} custom documentation plugin(s)
[2019-10-14 11:24:58,711][main][INFO][springfox.documentation.spring.web.scanners.ApiListingReferenceScanner:53] Scanning for api listing references
[2019-10-14 11:24:58,715][main][INFO][springfox.documentation.swagger.web.ClassOrApiAnnotationResourceGrouping:100] Group for method bindDeviceToModel was device-controller
[2019-10-14 11:24:58,717][main][INFO][springfox.documentation.spring.web.scanners.ApiListingReferenceScanner:72] Request mapping: bindDeviceToModel belongs to groups: [[ResourceGroup{groupName='device-controller', position=0, controller=com.thingjs.soho.device.controller.DeviceController}]] 
[2019-10-14 11:24:58,718][main][INFO][springfox.documentation.swagger.web.ClassOrApiAnnotationResourceGrouping:100] Group for method findDeviceByType was device-controller
[2019-10-14 11:24:58,719][main][INFO][springfox.documentation.spring.web.scanners.ApiListingReferenceScanner:72] Request mapping: findDeviceByType belongs to groups: [[ResourceGroup{groupName='device-controller', position=0, controller=com.thingjs.soho.device.controller.DeviceController}]] 
[2019-10-14 11:24:58,719][main][INFO][springfox.documentation.swagger.web.ClassOrApiAnnotationResourceGrouping:100] Group for method findDeviceDetailByModelId was device-controller
[2019-10-14 11:24:58,719][main][INFO][springfox.documentation.spring.web.scanners.ApiListingReferenceScanner:72] Request mapping: findDeviceDetailByModelId belongs to groups: [[ResourceGroup{groupName='device-controller', position=0, controller=com.thingjs.soho.device.controller.DeviceController}]] 
[2019-10-14 11:24:58,723][main][INFO][springfox.documentation.spring.web.scanners.ApiListingReferenceScanner:84] Created resource listing Path: /default/device-controller Description: device-controller Position: 0
[2019-10-14 11:24:58,746][main][INFO][springfox.documentation.schema.ModelContextKeyGenerator:46] Cache Key Generated: com.thingjs.soho.common.Result(true)
[2019-10-14 11:24:58,746][main][INFO][springfox.documentation.spring.web.caching.CachingAspect:79] Caching aspect applied for cache models with key com.thingjs.soho.common.Result(true)
[2019-10-14 11:24:58,752][main][INFO][springfox.documentation.schema.property.ModelPropertiesKeyGenerator:48] Cache key generated: com.thingjs.soho.common.Result(true)
[2019-10-14 11:24:58,752][main][INFO][springfox.documentation.spring.web.caching.CachingAspect:68] Caching aspect applied for cache modelProperties with key com.thingjs.soho.common.Result(true)
[2019-10-14 11:24:58,785][main][INFO][springfox.documentation.schema.ModelContextKeyGenerator:46] Cache Key Generated: com.thingjs.soho.common.Result(true)
[2019-10-14 11:24:58,785][main][INFO][springfox.documentation.spring.web.caching.CachingAspect:79] Caching aspect applied for cache modelDependencies with key com.thingjs.soho.common.Result(true)
[2019-10-14 11:24:58,788][main][INFO][springfox.documentation.schema.property.ModelPropertiesKeyGenerator:48] Cache key generated: com.thingjs.soho.common.Result(true)
[2019-10-14 11:24:58,789][main][INFO][springfox.documentation.spring.web.caching.CachingAspect:68] Caching aspect applied for cache modelProperties with key com.thingjs.soho.common.Result(true)
[2019-10-14 11:24:58,792][main][INFO][springfox.documentation.spring.web.OperationsKeyGenerator:51] Cache key generated: /api/bindDeviceToModel.com.thingjs.soho.device.controller.DeviceController.bindDeviceToModel.DefaultGenericTypeNamingStrategy
[2019-10-14 11:24:58,792][main][INFO][springfox.documentation.spring.web.caching.CachingAspect:68] Caching aspect applied for cache operations with key /api/bindDeviceToModel.com.thingjs.soho.device.controller.DeviceController.bindDeviceToModel.DefaultGenericTypeNamingStrategy
[2019-10-14 11:24:58,806][main][INFO][springfox.documentation.swagger.web.ClassOrApiAnnotationResourceGrouping:100] Group for method bindDeviceToModel was device-controller
[2019-10-14 11:24:58,809][main][INFO][springfox.documentation.swagger.web.ClassOrApiAnnotationResourceGrouping:100] Group for method bindDeviceToModel was device-controller
[2019-10-14 11:24:58,815][main][INFO][springfox.documentation.schema.ModelContextKeyGenerator:46] Cache Key Generated: com.thingjs.soho.common.Result(true)
[2019-10-14 11:24:58,815][main][INFO][springfox.documentation.spring.web.caching.CachingAspect:79] Caching aspect applied for cache models with key com.thingjs.soho.common.Result(true)
[2019-10-14 11:24:58,815][main][INFO][springfox.documentation.schema.ModelContextKeyGenerator:46] Cache Key Generated: com.thingjs.soho.common.Result(true)
[2019-10-14 11:24:58,816][main][INFO][springfox.documentation.spring.web.caching.CachingAspect:79] Caching aspect applied for cache modelDependencies with key com.thingjs.soho.common.Result(true)
[2019-10-14 11:24:58,816][main][INFO][springfox.documentation.spring.web.OperationsKeyGenerator:51] Cache key generated: /api/findDeviceByType.com.thingjs.soho.device.controller.DeviceController.findDeviceByType.DefaultGenericTypeNamingStrategy
[2019-10-14 11:24:58,816][main][INFO][springfox.documentation.spring.web.caching.CachingAspect:68] Caching aspect applied for cache operations with key /api/findDeviceByType.com.thingjs.soho.device.controller.DeviceController.findDeviceByType.DefaultGenericTypeNamingStrategy
[2019-10-14 11:24:58,817][main][INFO][springfox.documentation.swagger.web.ClassOrApiAnnotationResourceGrouping:100] Group for method findDeviceByType was device-controller
[2019-10-14 11:24:58,818][main][INFO][springfox.documentation.swagger.web.ClassOrApiAnnotationResourceGrouping:100] Group for method findDeviceByType was device-controller
[2019-10-14 11:24:58,819][main][INFO][springfox.documentation.schema.ModelContextKeyGenerator:46] Cache Key Generated: com.thingjs.soho.common.Result(true)
[2019-10-14 11:24:58,819][main][INFO][springfox.documentation.spring.web.caching.CachingAspect:79] Caching aspect applied for cache models with key com.thingjs.soho.common.Result(true)
[2019-10-14 11:24:58,819][main][INFO][springfox.documentation.schema.ModelContextKeyGenerator:46] Cache Key Generated: com.thingjs.soho.common.Result(true)
[2019-10-14 11:24:58,820][main][INFO][springfox.documentation.spring.web.caching.CachingAspect:79] Caching aspect applied for cache modelDependencies with key com.thingjs.soho.common.Result(true)
[2019-10-14 11:24:58,820][main][INFO][springfox.documentation.spring.web.OperationsKeyGenerator:51] Cache key generated: /api/findDeviceDetailById.com.thingjs.soho.device.controller.DeviceController.findDeviceDetailByModelId.DefaultGenericTypeNamingStrategy
[2019-10-14 11:24:58,820][main][INFO][springfox.documentation.spring.web.caching.CachingAspect:68] Caching aspect applied for cache operations with key /api/findDeviceDetailById.com.thingjs.soho.device.controller.DeviceController.findDeviceDetailByModelId.DefaultGenericTypeNamingStrategy
[2019-10-14 11:24:58,821][main][INFO][springfox.documentation.swagger.web.ClassOrApiAnnotationResourceGrouping:100] Group for method findDeviceDetailByModelId was device-controller
[2019-10-14 11:24:58,822][main][INFO][springfox.documentation.swagger.web.ClassOrApiAnnotationResourceGrouping:100] Group for method findDeviceDetailByModelId was device-controller
[2019-10-14 11:24:58,863][main][INFO][org.apache.coyote.http11.Http11NioProtocol:173] Starting ProtocolHandler ["http-nio-8080"]
[2019-10-14 11:24:58,894][main][INFO][org.springframework.boot.web.embedded.tomcat.TomcatWebServer:202] Tomcat started on port(s): 8080 (http) with context path ''
[2019-10-14 11:24:58,900][main][INFO][com.thingjs.soho.SoHoApplication:59] Started SoHoApplication in 6.112 seconds (JVM running for 7.701)
[2019-10-14 11:25:11,583][http-nio-8080-exec-2][INFO][org.apache.catalina.core.ContainerBase.[Tomcat].[localhost].[/]:173] Initializing Spring DispatcherServlet 'dispatcherServlet'
[2019-10-14 11:25:11,583][http-nio-8080-exec-2][INFO][org.springframework.web.servlet.DispatcherServlet:524] Initializing Servlet 'dispatcherServlet'
[2019-10-14 11:25:11,595][http-nio-8080-exec-2][INFO][org.springframework.web.servlet.DispatcherServlet:546] Completed initialization in 11 ms
[2019-10-14 11:25:11,851][http-nio-8080-exec-2][INFO][com.thingjs.soho.config.SqlLogConfig:54] `````````````````````select count(1) from device where model_id=#{modelId}
[2019-10-14 11:32:30,022][Thread-16][INFO][org.springframework.scheduling.concurrent.ThreadPoolTaskExecutor:208] Shutting down ExecutorService 'applicationTaskExecutor'
[2019-10-14 11:32:30,023][Thread-16][INFO][org.springframework.orm.jpa.LocalContainerEntityManagerFactoryBean:597] Closing JPA EntityManagerFactory for persistence unit 'default'
[2019-10-14 11:32:30,029][Thread-16][INFO][com.alibaba.druid.pool.DruidDataSource:1823] {dataSource-1} closed
